0 verbose cli /usr/local/bin/node /usr/local/bin/npm
1 info using npm@9.6.6
2 info using node@v18.12.1
3 timing npm:load:whichnode Completed in 3ms
4 timing config:load:defaults Completed in 4ms
5 timing config:load:file:/usr/local/lib/node_modules/npm/npmrc Completed in 3ms
6 timing config:load:builtin Completed in 3ms
7 warn config production Use `--omit=dev` instead.
8 timing config:load:cli Completed in 7ms
9 timing config:load:env Completed in 0ms
10 timing config:load:project Completed in 3ms
11 timing config:load:file:/Users/einpunk/Desktop/EIN/repos/punk/.npmrc Completed in 0ms
12 timing config:load:user Completed in 0ms
13 timing config:load:file:/usr/local/etc/npmrc Completed in 0ms
14 timing config:load:global Completed in 2ms
15 timing config:load:setEnvs Completed in 2ms
16 timing config:load Completed in 23ms
17 timing npm:load:configload Completed in 23ms
18 timing npm:load:mkdirpcache Completed in 1ms
19 timing npm:load:mkdirplogs Completed in 1ms
20 verbose title npm install
21 verbose argv "install" "--production" "--loglevel" "silent"
22 timing npm:load:setTitle Completed in 73ms
23 timing config:load:flatten Completed in 9ms
24 timing npm:load:display Completed in 10ms
25 verbose logfile logs-max:10 dir:/Users/einpunk/Desktop/EIN/repos/punk/.npm/_logs/2023-05-17T18_52_04_483Z-
26 verbose logfile /Users/einpunk/Desktop/EIN/repos/punk/.npm/_logs/2023-05-17T18_52_04_483Z-debug-0.log
27 timing npm:load:logFile Completed in 30ms
28 timing npm:load:timers Completed in 0ms
29 timing npm:load:configScope Completed in 1ms
30 timing npm:load Completed in 143ms
31 timing arborist:ctor Completed in 2ms
32 timing arborist:ctor Completed in 0ms
33 timing idealTree:init Completed in 107ms
34 timing idealTree:userRequests Completed in 1ms
35 silly idealTree buildDeps
36 timing idealTree:#root Completed in 0ms
37 timing idealTree:buildDeps Completed in 2ms
38 timing idealTree:fixDepFlags Completed in 0ms
39 timing idealTree Completed in 114ms
40 timing reify:loadTrees Completed in 116ms
41 timing reify:diffTrees Completed in 3ms
42 silly reify moves {}
43 timing reify:retireShallow Completed in 2ms
44 timing reify:createSparse Completed in 0ms
45 timing reify:trashOmits Completed in 0ms
46 timing reify:loadBundles Completed in 0ms
47 silly audit report null
48 timing reify:audit Completed in 2ms
49 timing reify:unpack Completed in 1ms
50 timing reify:unretire Completed in 0ms
51 timing build:queue Completed in 0ms
52 timing build:deps Completed in 91ms
53 timing build Completed in 92ms
54 timing reify:build Completed in 93ms
55 timing reify:trash Completed in 0ms
56 timing reify:save Completed in 16ms
57 timing reify Completed in 1064ms
58 timing command:install Completed in 1132ms
59 verbose exit 0
60 timing npm Completed in 2846ms
61 info ok
